<?xml version="1.0" encoding="UTF-8"?>
<testng-results ignored="0" total="1" passed="1" failed="0" skipped="0">
  <reporter-output>
  </reporter-output>
  <suite started-at="2022-11-28T16:07:27 IST" name="OrangeHRM Automation test suite" finished-at="2022-11-28T16:07:55 IST" duration-ms="28126">
    <groups>
    </groups>
    <test started-at="2022-11-28T16:07:27 IST" name="OrangeHRM test" finished-at="2022-11-28T16:07:55 IST" duration-ms="28126">
      <class name="OrangeHRM.TestCases.test">
        <test-method signature="Orangehrmtest()[pri:0, instance:OrangeHRM.TestCases.test@481a996b]" started-at="2022-11-28T16:07:27 IST" name="Orangehrmtest" finished-at="2022-11-28T16:07:55 IST" duration-ms="27705" status="PASS">
          <reporter-output>
          </reporter-output>
        </test-method> <!-- Orangehrmtest -->
        <test-method is-config="true" signature="close()[pri:0, instance:OrangeHRM.TestCases.test@481a996b]" started-at="2022-11-28T16:07:55 IST" name="close" finished-at="2022-11-28T16:07:55 IST" duration-ms="373" status="PASS">
          <reporter-output>
          </reporter-output>
        </test-method> <!-- close -->
      </class> <!-- OrangeHRM.TestCases.test -->
    </test> <!-- OrangeHRM test -->
  </suite> <!-- OrangeHRM Automation test suite -->
</testng-results>
